2020-04-24 16:38:09,788 INFO o.a.j.u.JMeterUtils: Setting Locale to en_EN
2020-04-24 16:38:09,825 INFO o.a.j.JMeter: Loading user properties from: /usr/local/Cellar/jmeter/5.2.1/libexec/bin/user.properties
2020-04-24 16:38:09,826 INFO o.a.j.JMeter: Loading system properties from: /usr/local/Cellar/jmeter/5.2.1/libexec/bin/system.properties
2020-04-24 16:38:09,828 INFO o.a.j.JMeter: Copyright (c) 1998-2019 The Apache Software Foundation
2020-04-24 16:38:09,828 INFO o.a.j.JMeter: Version 5.2.1
2020-04-24 16:38:09,828 INFO o.a.j.JMeter: java.version=14
2020-04-24 16:38:09,828 INFO o.a.j.JMeter: java.vm.name=Java HotSpot(TM) 64-Bit Server VM
2020-04-24 16:38:09,828 INFO o.a.j.JMeter: os.name=Mac OS X
2020-04-24 16:38:09,828 INFO o.a.j.JMeter: os.arch=x86_64
2020-04-24 16:38:09,828 INFO o.a.j.JMeter: os.version=10.15.3
2020-04-24 16:38:09,828 INFO o.a.j.JMeter: file.encoding=UTF-8
2020-04-24 16:38:09,829 INFO o.a.j.JMeter: java.awt.headless=null
2020-04-24 16:38:09,829 INFO o.a.j.JMeter: Max memory     =1073741824
2020-04-24 16:38:09,829 INFO o.a.j.JMeter: Available Processors =8
2020-04-24 16:38:09,841 INFO o.a.j.JMeter: Default Locale=English (EN)
2020-04-24 16:38:09,841 INFO o.a.j.JMeter: JMeter  Locale=English (EN)
2020-04-24 16:38:09,841 INFO o.a.j.JMeter: JMeterHome=/usr/local/Cellar/jmeter/5.2.1/libexec
2020-04-24 16:38:09,841 INFO o.a.j.JMeter: user.dir  =/Users/driveu/Documents/JmeterNotes
2020-04-24 16:38:09,841 INFO o.a.j.JMeter: PWD       =/Users/driveu/Documents/JmeterNotes
2020-04-24 16:38:09,843 INFO o.a.j.JMeter: IP: 192.168.0.110 Name: DriveU.local FullName: 192.168.0.110
2020-04-24 16:38:11,547 INFO o.a.j.g.a.LookAndFeelCommand: Installing Darcula LAF
2020-04-24 16:38:11,556 INFO o.a.j.g.a.LookAndFeelCommand: Using look and feel: com.bulenkov.darcula.DarculaLaf [Darcula]
2020-04-24 16:38:11,556 INFO o.a.j.JMeter: Setting LAF to: com.bulenkov.darcula.DarculaLaf
2020-04-24 16:38:11,665 INFO o.a.j.JMeter: Loaded icon properties from org/apache/jmeter/images/icon.properties
2020-04-24 16:38:12,426 INFO o.j.r.JARSourceHTTP: Requesting https://jmeter-plugins.org/repo/?installID=mac_os_x-d84e2af1c3502f77a011316d0c349670-gui
2020-04-24 16:38:14,209 INFO o.a.j.p.h.s.HTTPSamplerBase: Parser for text/html is org.apache.jmeter.protocol.http.parser.LagartoBasedHtmlParser
2020-04-24 16:38:14,209 INFO o.a.j.p.h.s.HTTPSamplerBase: Parser for application/xhtml+xml is org.apache.jmeter.protocol.http.parser.LagartoBasedHtmlParser
2020-04-24 16:38:14,210 INFO o.a.j.p.h.s.HTTPSamplerBase: Parser for application/xml is org.apache.jmeter.protocol.http.parser.LagartoBasedHtmlParser
2020-04-24 16:38:14,210 INFO o.a.j.p.h.s.HTTPSamplerBase: Parser for text/xml is org.apache.jmeter.protocol.http.parser.LagartoBasedHtmlParser
2020-04-24 16:38:14,210 INFO o.a.j.p.h.s.HTTPSamplerBase: Parser for text/vnd.wap.wml is org.apache.jmeter.protocol.http.parser.RegexpHTMLParser
2020-04-24 16:38:14,210 INFO o.a.j.p.h.s.HTTPSamplerBase: Parser for text/css is org.apache.jmeter.protocol.http.parser.CssParser
2020-04-24 16:38:14,525 INFO o.a.j.e.KeyToolUtils: keytool found at 'keytool'
2020-04-24 16:38:14,525 INFO o.a.j.p.h.p.ProxyControl: HTTP(S) Test Script Recorder SSL Proxy will use keys that support embedded 3rd party resources in file /usr/local/Cellar/jmeter/5.2.1/libexec/bin/proxyserver.jks
2020-04-24 16:38:14,667 INFO o.a.j.s.FileServer: Default base='/Users/driveu/Documents/JmeterNotes'
2020-04-24 16:38:14,944 INFO o.a.j.s.SampleResult: Note: Sample TimeStamps are START times
2020-04-24 16:38:14,944 INFO o.a.j.s.SampleResult: sampleresult.default.encoding is set to ISO-8859-1
2020-04-24 16:38:14,944 INFO o.a.j.s.SampleResult: sampleresult.useNanoTime=true
2020-04-24 16:38:14,944 INFO o.a.j.s.SampleResult: sampleresult.nanoThreadSleep=5000
2020-04-24 16:38:14,963 INFO o.a.j.v.ViewResultsFullVisualizer: Add JavaFX to your Java installation if you want to use renderer: org.apache.jmeter.visualizers.RenderInBrowser
2020-04-24 16:38:15,438 INFO o.j.r.PluginManager: Plugins Status: [jpgc-plugins-manager=1.3, jmeter-core=5.2.1, jmeter-ftp=5.2.1, jmeter-http=5.2.1, jmeter-jdbc=5.2.1, jmeter-jms=5.2.1, jmeter-junit=5.2.1, jmeter-java=5.2.1, jmeter-ldap=5.2.1, jmeter-mail=5.2.1, jmeter-mongodb=5.2.1, jmeter-native=5.2.1, jmeter-tcp=5.2.1, jmeter-components=5.2.1]
2020-04-24 16:38:15,439 INFO o.j.r.PluginManagerMenuItem: Plugins Manager has upgrades: [jpgc-plugins-manager]
2020-04-24 16:38:18,427 INFO o.a.j.g.a.t.TemplateManager: Reading templates from: /usr/local/Cellar/jmeter/5.2.1/libexec/bin/templates/templates.xml
2020-04-24 16:38:29,505 INFO o.a.j.g.a.Load: Loading file: /Users/driveu/Documents/JmeterNotes/driveutest.jmx
2020-04-24 16:38:29,506 INFO o.a.j.s.FileServer: Set new base='/Users/driveu/Documents/JmeterNotes'
2020-04-24 16:38:29,633 INFO o.a.j.s.SaveService: Testplan (JMX) version: 2.2. Testlog (JTL) version: 2.2
2020-04-24 16:38:29,639 INFO o.a.j.s.SaveService: Using SaveService properties version 5.0
2020-04-24 16:38:29,640 INFO o.a.j.s.SaveService: Using SaveService properties file encoding UTF-8
2020-04-24 16:38:29,642 INFO o.a.j.s.SaveService: Loading file: /Users/driveu/Documents/JmeterNotes/driveutest.jmx
2020-04-24 16:38:29,767 INFO o.a.j.p.h.c.CookieManager: Settings: Delete null: true Check: true Allow variable: true Save: false Prefix: COOKIE_
2020-04-24 16:38:29,769 INFO o.a.j.p.h.c.CacheManager: Will only cache the following methods: [GET]
2020-04-24 16:38:29,868 INFO o.a.j.s.FileServer: Set new base='/Users/driveu/Documents/JmeterNotes'
2020-04-24 16:39:20,057 INFO o.a.j.e.StandardJMeterEngine: Running the test!
2020-04-24 16:39:20,058 INFO o.a.j.s.SampleEvent: List of sample_variables: []
2020-04-24 16:39:20,059 INFO o.a.j.s.SampleEvent: List of sample_variables: []
2020-04-24 16:39:20,061 INFO o.a.j.e.u.CompoundVariable: Note: Function class names must contain the string: '.functions.'
2020-04-24 16:39:20,061 INFO o.a.j.e.u.CompoundVariable: Note: Function class names must not contain the string: '.gui.'
2020-04-24 16:39:20,324 INFO o.a.j.g.u.JMeterMenuBar: setRunning(true, *local*)
2020-04-24 16:39:20,380 INFO o.a.j.e.StandardJMeterEngine: Starting ThreadGroup: 1 : Thread Group
2020-04-24 16:39:20,380 INFO o.a.j.e.StandardJMeterEngine: Starting 50 threads for group Thread Group.
2020-04-24 16:39:20,380 INFO o.a.j.e.StandardJMeterEngine: Thread will continue on error
2020-04-24 16:39:20,381 INFO o.a.j.t.ThreadGroup: Starting thread group... number=1 threads=50 ramp-up=1 delayedStart=false
2020-04-24 16:39:20,388 INFO o.a.j.t.JMeterThread: Thread started: Thread Group 1-1
2020-04-24 16:39:20,399 INFO o.a.j.p.h.s.HTTPHCAbstractImpl: Local host = DriveU.local
2020-04-24 16:39:20,405 INFO o.a.j.p.h.s.HTTPHC4Impl: HTTP request retry count = 0
2020-04-24 16:39:20,407 INFO o.a.j.t.JMeterThread: Thread started: Thread Group 1-2
2020-04-24 16:39:20,416 INFO o.a.j.t.ThreadGroup: Started thread group number 1
2020-04-24 16:39:20,416 INFO o.a.j.e.StandardJMeterEngine: All thread groups have been started
2020-04-24 16:39:20,425 INFO o.a.j.t.JMeterThread: Thread started: Thread Group 1-3
2020-04-24 16:39:20,445 INFO o.a.j.t.JMeterThread: Thread started: Thread Group 1-4
2020-04-24 16:39:20,466 INFO o.a.j.t.JMeterThread: Thread started: Thread Group 1-5
2020-04-24 16:39:20,487 INFO o.a.j.t.JMeterThread: Thread started: Thread Group 1-6
2020-04-24 16:39:20,507 INFO o.a.j.t.JMeterThread: Thread started: Thread Group 1-7
2020-04-24 16:39:20,523 INFO o.a.j.t.JMeterThread: Thread started: Thread Group 1-8
2020-04-24 16:39:20,544 INFO o.a.j.t.JMeterThread: Thread started: Thread Group 1-9
2020-04-24 16:39:20,562 INFO o.a.j.t.JMeterThread: Thread started: Thread Group 1-10
2020-04-24 16:39:20,585 INFO o.a.j.t.JMeterThread: Thread started: Thread Group 1-11
2020-04-24 16:39:20,606 INFO o.a.j.t.JMeterThread: Thread started: Thread Group 1-12
2020-04-24 16:39:20,623 INFO o.a.j.t.JMeterThread: Thread started: Thread Group 1-13
2020-04-24 16:39:20,642 INFO o.a.j.t.JMeterThread: Thread started: Thread Group 1-14
2020-04-24 16:39:20,666 INFO o.a.j.t.JMeterThread: Thread started: Thread Group 1-15
2020-04-24 16:39:20,682 INFO o.a.j.t.JMeterThread: Thread started: Thread Group 1-16
2020-04-24 16:39:20,706 INFO o.a.j.t.JMeterThread: Thread started: Thread Group 1-17
2020-04-24 16:39:20,723 INFO o.a.j.t.JMeterThread: Thread started: Thread Group 1-18
2020-04-24 16:39:20,746 INFO o.a.j.t.JMeterThread: Thread started: Thread Group 1-19
2020-04-24 16:39:20,767 INFO o.a.j.t.JMeterThread: Thread started: Thread Group 1-20
2020-04-24 16:39:20,785 INFO o.a.j.t.JMeterThread: Thread started: Thread Group 1-21
2020-04-24 16:39:20,806 INFO o.a.j.t.JMeterThread: Thread started: Thread Group 1-22
2020-04-24 16:39:20,823 INFO o.a.j.t.JMeterThread: Thread started: Thread Group 1-23
2020-04-24 16:39:20,842 INFO o.a.j.t.JMeterThread: Thread started: Thread Group 1-24
2020-04-24 16:39:20,862 INFO o.a.j.t.JMeterThread: Thread started: Thread Group 1-25
2020-04-24 16:39:20,883 INFO o.a.j.t.JMeterThread: Thread started: Thread Group 1-26
2020-04-24 16:39:20,906 INFO o.a.j.t.JMeterThread: Thread started: Thread Group 1-27
2020-04-24 16:39:20,923 INFO o.a.j.t.JMeterThread: Thread started: Thread Group 1-28
2020-04-24 16:39:20,944 INFO o.a.j.t.JMeterThread: Thread started: Thread Group 1-29
2020-04-24 16:39:20,962 INFO o.a.j.t.JMeterThread: Thread started: Thread Group 1-30
2020-04-24 16:39:20,983 INFO o.a.j.t.JMeterThread: Thread started: Thread Group 1-31
2020-04-24 16:39:21,007 INFO o.a.j.t.JMeterThread: Thread started: Thread Group 1-32
2020-04-24 16:39:21,025 INFO o.a.j.t.JMeterThread: Thread started: Thread Group 1-33
2020-04-24 16:39:21,044 INFO o.a.j.t.JMeterThread: Thread started: Thread Group 1-34
2020-04-24 16:39:21,064 INFO o.a.j.t.JMeterThread: Thread started: Thread Group 1-35
2020-04-24 16:39:21,084 INFO o.a.j.t.JMeterThread: Thread started: Thread Group 1-36
2020-04-24 16:39:21,106 INFO o.a.j.t.JMeterThread: Thread started: Thread Group 1-37
2020-04-24 16:39:21,125 INFO o.a.j.t.JMeterThread: Thread started: Thread Group 1-38
2020-04-24 16:39:21,142 INFO o.a.j.t.JMeterThread: Thread started: Thread Group 1-39
2020-04-24 16:39:21,164 INFO o.a.j.t.JMeterThread: Thread started: Thread Group 1-40
2020-04-24 16:39:21,182 INFO o.a.j.t.JMeterThread: Thread started: Thread Group 1-41
2020-04-24 16:39:21,206 INFO o.a.j.t.JMeterThread: Thread started: Thread Group 1-42
2020-04-24 16:39:21,223 INFO o.a.j.t.JMeterThread: Thread started: Thread Group 1-43
2020-04-24 16:39:21,242 INFO o.a.j.t.JMeterThread: Thread started: Thread Group 1-44
2020-04-24 16:39:21,262 INFO o.a.j.t.JMeterThread: Thread started: Thread Group 1-45
2020-04-24 16:39:21,284 INFO o.a.j.t.JMeterThread: Thread started: Thread Group 1-46
2020-04-24 16:39:21,306 INFO o.a.j.t.JMeterThread: Thread started: Thread Group 1-47
2020-04-24 16:39:21,323 INFO o.a.j.t.JMeterThread: Thread started: Thread Group 1-48
2020-04-24 16:39:21,346 INFO o.a.j.t.JMeterThread: Thread started: Thread Group 1-49
2020-04-24 16:39:21,362 INFO o.a.j.t.JMeterThread: Thread started: Thread Group 1-50
2020-04-24 16:39:24,110 INFO o.a.j.p.h.s.h.LazyLayeredConnectionSocketFactory: Setting up HTTPS TrustAll Socket Factory
2020-04-24 16:39:24,113 INFO o.a.j.u.JsseSSLManager: Using default SSL protocol: TLS
2020-04-24 16:39:24,113 INFO o.a.j.u.JsseSSLManager: SSL session context: per-thread
2020-04-24 16:39:24,267 INFO o.a.j.u.SSLManager: JmeterKeyStore Location:  type JKS
2020-04-24 16:39:24,267 INFO o.a.j.u.SSLManager: KeyStore created OK
2020-04-24 16:39:24,268 WARN o.a.j.u.SSLManager: Keystore file not found, loading empty keystore
2020-04-24 16:39:25,031 INFO o.a.j.p.h.p.BaseParser: Created org.apache.jmeter.protocol.http.parser.LagartoBasedHtmlParser
2020-04-24 16:39:25,031 INFO o.a.j.p.h.p.BaseParser: Created org.apache.jmeter.protocol.http.parser.LagartoBasedHtmlParser
2020-04-24 16:39:25,111 INFO o.a.j.p.h.s.ResourcesDownloader: Creating ResourcesDownloader with keepalive_inseconds : 60
2020-04-24 16:39:25,320 INFO o.a.j.p.h.p.BaseParser: Created org.apache.jmeter.protocol.http.parser.CssParser
2020-04-24 16:39:25,320 INFO o.a.j.p.h.p.BaseParser: Created org.apache.jmeter.protocol.http.parser.CssParser
2020-04-24 16:41:32,512 INFO o.a.j.t.JMeterThread: Thread is done: Thread Group 1-42
2020-04-24 16:41:32,513 INFO o.a.j.t.JMeterThread: Thread finished: Thread Group 1-42
2020-04-24 16:41:33,062 INFO o.a.j.t.JMeterThread: Thread is done: Thread Group 1-37
2020-04-24 16:41:33,062 INFO o.a.j.t.JMeterThread: Thread finished: Thread Group 1-37
2020-04-24 16:41:34,376 INFO o.a.j.t.JMeterThread: Thread is done: Thread Group 1-34
2020-04-24 16:41:34,376 INFO o.a.j.t.JMeterThread: Thread finished: Thread Group 1-34
2020-04-24 16:41:37,148 INFO o.a.j.t.JMeterThread: Thread is done: Thread Group 1-40
2020-04-24 16:41:37,148 INFO o.a.j.t.JMeterThread: Thread finished: Thread Group 1-40
2020-04-24 16:41:37,869 INFO o.a.j.t.JMeterThread: Thread is done: Thread Group 1-24
2020-04-24 16:41:37,869 INFO o.a.j.t.JMeterThread: Thread finished: Thread Group 1-24
2020-04-24 16:41:38,416 INFO o.a.j.t.JMeterThread: Thread is done: Thread Group 1-28
2020-04-24 16:41:38,416 INFO o.a.j.t.JMeterThread: Thread finished: Thread Group 1-28
2020-04-24 16:41:39,356 INFO o.a.j.t.JMeterThread: Thread is done: Thread Group 1-41
2020-04-24 16:41:39,357 INFO o.a.j.t.JMeterThread: Thread finished: Thread Group 1-41
2020-04-24 16:41:39,862 INFO o.a.j.t.JMeterThread: Thread is done: Thread Group 1-43
2020-04-24 16:41:39,862 INFO o.a.j.t.JMeterThread: Thread finished: Thread Group 1-43
2020-04-24 16:41:40,659 INFO o.a.j.t.JMeterThread: Thread is done: Thread Group 1-49
2020-04-24 16:41:40,659 INFO o.a.j.t.JMeterThread: Thread finished: Thread Group 1-49
2020-04-24 16:41:44,266 INFO o.a.j.t.JMeterThread: Thread is done: Thread Group 1-32
2020-04-24 16:41:44,267 INFO o.a.j.t.JMeterThread: Thread finished: Thread Group 1-32
2020-04-24 16:41:46,612 INFO o.a.j.t.JMeterThread: Thread is done: Thread Group 1-13
2020-04-24 16:41:46,612 INFO o.a.j.t.JMeterThread: Thread finished: Thread Group 1-13
2020-04-24 16:42:05,394 INFO o.a.j.t.JMeterThread: Thread is done: Thread Group 1-27
2020-04-24 16:42:05,394 INFO o.a.j.t.JMeterThread: Thread finished: Thread Group 1-27
2020-04-24 16:42:09,866 INFO o.a.j.t.JMeterThread: Thread is done: Thread Group 1-35
2020-04-24 16:42:09,866 INFO o.a.j.t.JMeterThread: Thread finished: Thread Group 1-35
2020-04-24 16:42:11,501 INFO o.a.j.t.JMeterThread: Thread is done: Thread Group 1-11
2020-04-24 16:42:11,501 INFO o.a.j.t.JMeterThread: Thread finished: Thread Group 1-11
2020-04-24 16:42:15,192 INFO o.a.j.t.JMeterThread: Thread is done: Thread Group 1-4
2020-04-24 16:42:15,193 INFO o.a.j.t.JMeterThread: Thread finished: Thread Group 1-4
2020-04-24 16:42:17,323 INFO o.a.j.t.JMeterThread: Thread is done: Thread Group 1-12
2020-04-24 16:42:17,323 INFO o.a.j.t.JMeterThread: Thread finished: Thread Group 1-12
2020-04-24 16:42:19,147 INFO o.a.j.t.JMeterThread: Thread is done: Thread Group 1-17
2020-04-24 16:42:19,147 INFO o.a.j.t.JMeterThread: Thread finished: Thread Group 1-17
2020-04-24 16:42:20,149 INFO o.a.j.t.JMeterThread: Thread is done: Thread Group 1-46
2020-04-24 16:42:20,149 INFO o.a.j.t.JMeterThread: Thread finished: Thread Group 1-46
2020-04-24 16:42:23,231 INFO o.a.j.t.JMeterThread: Thread is done: Thread Group 1-18
2020-04-24 16:42:23,231 INFO o.a.j.t.JMeterThread: Thread finished: Thread Group 1-18
